<?xml version="1.0" encoding="UTF-8"?>
<testsuite xmlns:xsi="http://www.w3.org/2001/XMLSchema-instance" xsi:noNamespaceSchemaLocation="https://maven.apache.org/surefire/maven-surefire-plugin/xsd/surefire-test-report.xsd" name="com.esiea.tp4A.MarsRoverTest" time="0.267" tests="34" errors="0" skipped="0" failures="0">
  <properties>
[...]
</properties>
  <testcase name="rover_stays_on_edges_North_South{String, int, int, Direction}[1]" classname="com.esiea.tp4A.MarsRoverTest" time="0"/>
  <testcase name="rover_stays_on_edges_North_South{String, int, int, Direction}[2]" classname="com.esiea.tp4A.MarsRoverTest" time="0"/>
  <testcase name="rover_stays_on_edges_North_South{String, int, int, Direction}[3]" classname="com.esiea.tp4A.MarsRoverTest" time="0"/>
  <testcase name="rover_stays_on_edges_North_South{String, int, int, Direction}[4]" classname="com.esiea.tp4A.MarsRoverTest" time="0.007"/>
  <testcase name="rover_stays_on_edges_North_South{String, int, int, Direction}[5]" classname="com.esiea.tp4A.MarsRoverTest" time="0.008"/>
  <testcase name="rover_stays_on_edges_North_South{String, int, int, Direction}[6]" classname="com.esiea.tp4A.MarsRoverTest" time="0.015"/>
  <testcase name="rover_stays_on_edges_North_South{String, int, int, Direction}[7]" classname="com.esiea.tp4A.MarsRoverTest" time="0.013"/>
  <testcase name="rover_stays_on_edges_North_South{String, int, int, Direction}[8]" classname="com.esiea.tp4A.MarsRoverTest" time="0.008"/>
  <testcase name="initGrid" classname="com.esiea.tp4A.MarsRoverTest" time="0.003"/>
  <testcase name="rover_moves_forward_backward{String, int, int, Direction}[1]" classname="com.esiea.tp4A.MarsRoverTest" time="0.008"/>
  <testcase name="rover_moves_forward_backward{String, int, int, Direction}[2]" classname="com.esiea.tp4A.MarsRoverTest" time="0.005"/>
  <testcase name="rover_moves_forward_backward{String, int, int, Direction}[3]" classname="com.esiea.tp4A.MarsRoverTest" time="0.009"/>
  <testcase name="rover_moves_forward_backward{String, int, int, Direction}[4]" classname="com.esiea.tp4A.MarsRoverTest" time="0.007"/>
  <testcase name="rover_moves_forward_backward{String, int, int, Direction}[5]" classname="com.esiea.tp4A.MarsRoverTest" time="0.009"/>
  <testcase name="rover_moves_forward_backward{String, int, int, Direction}[6]" classname="com.esiea.tp4A.MarsRoverTest" time="0.007"/>
  <testcase name="rover_moves_forward_backward{String, int, int, Direction}[7]" classname="com.esiea.tp4A.MarsRoverTest" time="0.008"/>
  <testcase name="rover_moves_forward_backward{String, int, int, Direction}[8]" classname="com.esiea.tp4A.MarsRoverTest" time="0.007"/>
  <testcase name="rover_moves_forward_backward{String, int, int, Direction}[9]" classname="com.esiea.tp4A.MarsRoverTest" time="0.006"/>
  <testcase name="rover_moves_forward_backward{String, int, int, Direction}[10]" classname="com.esiea.tp4A.MarsRoverTest" time="0.007"/>
  <testcase name="rover_moves_forward_backward{String, int, int, Direction}[11]" classname="com.esiea.tp4A.MarsRoverTest" time="0.012"/>
  <testcase name="rover_moves_forward_backward{String, int, int, Direction}[12]" classname="com.esiea.tp4A.MarsRoverTest" time="0"/>
  <testcase name="gridShouldNotBeNull" classname="com.esiea.tp4A.MarsRoverTest" time="0"/>
  <testcase name="rover_backward_test_on_edges_of_Y{String, int, int, Direction}[1]" classname="com.esiea.tp4A.MarsRoverTest" time="0.004"/>
  <testcase name="rover_backward_test_on_edges_of_Y{String, int, int, Direction}[2]" classname="com.esiea.tp4A.MarsRoverTest" time="0.005"/>
  <testcase name="rover_backward_test_on_edges_of_Y{String, int, int, Direction}[3]" classname="com.esiea.tp4A.MarsRoverTest" time="0.004"/>
  <testcase name="rover_backward_test_on_edges_of_Y{String, int, int, Direction}[4]" classname="com.esiea.tp4A.MarsRoverTest" time="0.004"/>
  <testcase name="rover_test_on_edges_of_X{String, int, int, Direction}[1]" classname="com.esiea.tp4A.MarsRoverTest" time="0.006"/>
  <testcase name="rover_test_on_edges_of_X{String, int, int, Direction}[2]" classname="com.esiea.tp4A.MarsRoverTest" time="0.003"/>
  <testcase name="rover_test_on_edges_of_X{String, int, int, Direction}[3]" classname="com.esiea.tp4A.MarsRoverTest" time="0.004"/>
  <testcase name="rover_test_on_edges_of_X{String, int, int, Direction}[4]" classname="com.esiea.tp4A.MarsRoverTest" time="0.006"/>
  <testcase name="rover_test_on_edges_of_X{String, int, int, Direction}[5]" classname="com.esiea.tp4A.MarsRoverTest" time="0.005"/>
  <testcase name="rover_test_on_edges_of_X{String, int, int, Direction}[6]" classname="com.esiea.tp4A.MarsRoverTest" time="0.006"/>
  <testcase name="rover_test_on_edges_of_X{String, int, int, Direction}[7]" classname="com.esiea.tp4A.MarsRoverTest" time="0.006"/>
  <testcase name="rover_test_on_edges_of_X{String, int, int, Direction}[8]" classname="com.esiea.tp4A.MarsRoverTest" time="0.007"/>
</testsuite>